{
  "RSpec": {
    "coverage": {
      "/Users/michaelkoulouvaris/turing/1module/projects/enigma/spec/key_spec.rb": {
        "lines": [
          1,
          null,
          1,
          1,
          7,
          null,
          null,
          1,
          1,
          null,
          null,
          1,
          1,
          null,
          null,
          1,
          1,
          null,
          null,
          1,
          1,
          null,
          null,
          1,
          1,
          null,
          null,
          1,
          1,
          null,
          null,
          1,
          1,
          null,
          null,
          null
        ]
      },
      "/Users/michaelkoulouvaris/turing/1module/projects/enigma/lib/key.rb": {
        "lines": [
          1,
          null,
          1,
          1,
          25,
          null,
          null,
          1,
          27,
          null,
          null,
          1,
          27,
          null,
          null,
          1,
          27,
          null,
          null,
          1,
          19,
          null,
          null,
          1,
          1,
          null,
          null,
          null,
          null
        ]
      },
      "/Users/michaelkoulouvaris/turing/1module/projects/enigma/spec/offset_spec.rb": {
        "lines": [
          1,
          1,
          null,
          1,
          1,
          7,
          null,
          null,
          1,
          1,
          null,
          null,
          1,
          1,
          null,
          null,
          1,
          1,
          null,
          null,
          1,
          1,
          null,
          null,
          1,
          1,
          null,
          null,
          1,
          1,
          null,
          null,
          1,
          1,
          null,
          null,
          null
        ]
      },
      "/Users/michaelkoulouvaris/turing/1module/projects/enigma/lib/offset.rb": {
        "lines": [
          1,
          null,
          1,
          null,
          1,
          1,
          25,
          null,
          null,
          1,
          102,
          null,
          null,
          1,
          101,
          null,
          null,
          1,
          27,
          null,
          null,
          1,
          27,
          null,
          null,
          1,
          27,
          null,
          null,
          1,
          19,
          null,
          null,
          null
        ]
      },
      "/Users/michaelkoulouvaris/turing/1module/projects/enigma/spec/enigma_spec.rb": {
        "lines": [
          1,
          1,
          1,
          1,
          null,
          1,
          1,
          16,
          null,
          null,
          1,
          1,
          null,
          null,
          1,
          1,
          null,
          null,
          1,
          1,
          1,
          1,
          null,
          null,
          1,
          1,
          null,
          null,
          1,
          1,
          null,
          null,
          1,
          1,
          null,
          null,
          1,
          1,
          null,
          null,
          1,
          1,
          null,
          null,
          1,
          1,
          null,
          null,
          null,
          null,
          null,
          null,
          null,
          1,
          1,
          null,
          null,
          1,
          1,
          null,
          null,
          1,
          1,
          null,
          null,
          1,
          1,
          null,
          null,
          1,
          1,
          null,
          null,
          1,
          1,
          null,
          null,
          null,
          null,
          null,
          null,
          null,
          1,
          1,
          1,
          null,
          null,
          null,
          null,
          null,
          null,
          null,
          1,
          0,
          0,
          null,
          null,
          null,
          null,
          null,
          null,
          null,
          1,
          0,
          0,
          null,
          null,
          null,
          null,
          null,
          null,
          null,
          null,
          null
        ]
      },
      "/Users/michaelkoulouvaris/turing/1module/projects/enigma/lib/enigma.rb": {
        "lines": [
          1,
          1,
          1,
          1,
          null,
          1,
          null,
          1,
          1,
          null,
          1,
          1,
          18,
          18,
          18,
          18,
          null,
          null,
          1,
          97,
          null,
          null,
          1,
          90,
          null,
          null,
          1,
          2,
          2,
          null,
          null,
          1,
          1,
          1,
          null,
          null,
          null
        ]
      },
      "/Users/michaelkoulouvaris/turing/1module/projects/enigma/lib/encryptable.rb": {
        "lines": [
          1,
          null,
          1,
          16,
          null,
          null,
          1,
          16,
          null,
          null,
          1,
          16,
          null,
          null,
          1,
          11,
          null,
          null,
          1,
          5,
          5,
          5,
          55,
          55,
          0,
          55,
          5,
          5,
          50,
          15,
          15,
          35,
          15,
          15,
          20,
          10,
          10,
          10,
          10,
          10,
          10,
          null,
          null,
          5,
          null,
          null,
          1,
          null,
          2,
          null,
          null,
          null,
          null,
          null,
          null
        ]
      },
      "/Users/michaelkoulouvaris/turing/1module/projects/enigma/lib/decryptable.rb": {
        "lines": [
          1,
          null,
          1,
          10,
          null,
          null,
          1,
          10,
          null,
          null,
          1,
          10,
          null,
          null,
          1,
          7,
          null,
          null,
          1,
          3,
          3,
          3,
          33,
          33,
          0,
          33,
          3,
          3,
          30,
          9,
          9,
          21,
          9,
          9,
          12,
          6,
          6,
          6,
          6,
          6,
          6,
          null,
          null,
          3,
          null,
          null,
          1,
          null,
          1,
          null,
          null,
          null,
          null,
          null
        ]
      }
    },
    "timestamp": 1655081573
  }
}
